Arguments: 
  /home/gitpod/.nvm/versions/node/v18.18.1/bin/node /home/gitpod/.nvm/versions/node/v18.18.1/bin/yarn add ts-code-dev

PATH: 
  /workspace/.cargo/bin:/home/gitpod/.pyenv/shims:/workspace/go/bin:/home/gitpod/.nix-profile/bin:/ide/bin/remote-cli:/home/gitpod/.nix-profile/bin:/home/gitpod/.local/bin:/home/gitpod/.sdkman/candidates/maven/current/bin:/home/gitpod/.sdkman/candidates/java/current/bin:/home/gitpod/.sdkman/candidates/gradle/current/bin:/workspace/.cargo/bin:/home/gitpod/.rvm/gems/ruby-3.2.2/bin:/home/gitpod/.rvm/gems/ruby-3.2.2@global/bin:/home/gitpod/.rvm/rubies/ruby-3.2.2/bin:/workspace/go/bin:/home/gitpod/.nix-profile/bin:/ide/bin/remote-cli:/home/gitpod/go/bin:/home/gitpod/go-packages/bin:/home/gitpod/.nvm/versions/node/v18.18.1/bin:/home/gitpod/.yarn/bin:/home/gitpod/.pnpm:/home/gitpod/.pyenv/bin:/home/gitpod/.rvm/bin:/home/gitpod/.cargo/bin:/home/linuxbrew/.linuxbrew/bin:/home/linuxbrew/.linuxbrew/sbin/:/home/gitpod/.local/bin:/usr/games:/usr/local/sbin:/usr/local/bin:/usr/sbin:/usr/bin:/sbin:/bin:/home/gitpod/.nvm/versions/node/v18.18.1/bin:/home/gitpod/.rvm/bin:/home/gitpod/.nvm/versions/node/v18.18.1/bin:/home/gitpod/.rvm/bin

Yarn version: 
  1.22.19

Node version: 
  18.18.1

Platform: 
  linux x64

Trace: 
  Error: https://registry.yarnpkg.com/ts-code-dev: Not found
      at params.callback [as _callback] (/home/gitpod/.nvm/versions/node/v18.18.1/lib/node_modules/yarn/lib/cli.js:66145:18)
      at self.callback (/home/gitpod/.nvm/versions/node/v18.18.1/lib/node_modules/yarn/lib/cli.js:140890:22)
      at Request.emit (node:events:517:28)
      at Request.<anonymous> (/home/gitpod/.nvm/versions/node/v18.18.1/lib/node_modules/yarn/lib/cli.js:141862:10)
      at Request.emit (node:events:517:28)
      at IncomingMessage.<anonymous> (/home/gitpod/.nvm/versions/node/v18.18.1/lib/node_modules/yarn/lib/cli.js:141784:12)
      at Object.onceWrapper (node:events:631:28)
      at IncomingMessage.emit (node:events:529:35)
      at endReadableNT (node:internal/streams/readable:1368:12)
      at process.processTicksAndRejections (node:internal/process/task_queues:82:21)

npm manifest: 
  {
    "name": "javascript",
    "version": "1.0.0",
    "description": "",
    "main": "main.js",
    "type": "module",
    "scripts": {
      "test": "echo \"Error: no test specified\" && exit 1"
    },
    "keywords": [],
    "author": "",
    "license": "ISC",
    "dependencies": {
      "express": "^4.18.2"
    }
  }

yarn manifest: 
  No manifest

Lockfile: 
  No lockfile
